::1 - - [08/May/2013:14:08:49 +0200] "GET /phpmyadmin/ HTTP/1.1" 200 7461
::1 - - [08/May/2013:14:08:50 +0200] "GET /phpmyadmin/phpmyadmin.css.php?server=1&token=67684f8180e246915b1cd8cc2a1db28f&js_frame=right&nocache=4104042024 HTTP/1.1" 200 41672
::1 - - [08/May/2013:14:08:50 +0200] "GET /phpmyadmin/js/cross_framing_protection.js?ts=1368013875 HTTP/1.1" 200 331
::1 - - [08/May/2013:14:08:50 +0200] "GET /phpmyadmin/js/jquery/jquery-1.4.4.js?ts=1368013876 HTTP/1.1" 200 78268
::1 - - [08/May/2013:14:08:50 +0200] "GET /phpmyadmin/js/functions.js?ts=1368013875 HTTP/1.1" 200 31563
::1 - - [08/May/2013:14:08:50 +0200] "GET /phpmyadmin/js/update-location.js?ts=1368013876 HTTP/1.1" 200 758
::1 - - [08/May/2013:14:08:50 +0200] "GET /phpmyadmin/js/jquery/jquery.qtip-1.0.0.min.js?ts=1368013876 HTTP/1.1" 200 38434
::1 - - [08/May/2013:14:08:50 +0200] "GET /phpmyadmin/js/messages.php?lang=nl&db=&token=67684f8180e246915b1cd8cc2a1db28f HTTP/1.1" 200 5280
::1 - - [08/May/2013:14:08:52 +0200] "POST /phpmyadmin/index.php HTTP/1.1" 302 -
::1 - - [08/May/2013:14:08:52 +0200] "GET /phpmyadmin/index.php?token=67684f8180e246915b1cd8cc2a1db28f HTTP/1.1" 200 2610
::1 - - [08/May/2013:14:08:53 +0200] "GET /phpmyadmin/js/jquery/jquery-1.4.4.js?ts=1368013876 HTTP/1.1" 304 -
::1 - - [08/May/2013:14:08:53 +0200] "GET /phpmyadmin/js/update-location.js?ts=1368013876 HTTP/1.1" 304 -
::1 - - [08/May/2013:14:08:53 +0200] "GET /phpmyadmin/js/common.js?ts=1368013875 HTTP/1.1" 200 5294
::1 - - [08/May/2013:14:08:53 +0200] "GET /phpmyadmin/navigation.php?token=67684f8180e246915b1cd8cc2a1db28f HTTP/1.1" 200 4099
::1 - - [08/May/2013:14:08:53 +0200] "GET /phpmyadmin/main.php?token=67684f8180e246915b1cd8cc2a1db28f HTTP/1.1" 200 38852
::1 - - [08/May/2013:14:08:53 +0200] "GET /phpmyadmin/js/cross_framing_protection.js?ts=1368013875 HTTP/1.1" 304 -
::1 - - [08/May/2013:14:08:54 +0200] "GET /phpmyadmin/js/jquery/jquery-1.4.4.js?ts=1368013876 HTTP/1.1" 304 -
::1 - - [08/May/2013:14:08:54 +0200] "GET /phpmyadmin/js/update-location.js?ts=1368013876 HTTP/1.1" 304 -
::1 - - [08/May/2013:14:08:53 +0200] "GET /phpmyadmin/phpmyadmin.css.php?token=67684f8180e246915b1cd8cc2a1db28f&js_frame=left&nocache=5472056956 HTTP/1.1" 200 5861
::1 - - [08/May/2013:14:08:54 +0200] "GET /phpmyadmin/js/jquery/jquery-ui-1.8.custom.js?ts=1368013876 HTTP/1.1" 200 190765
::1 - - [08/May/2013:14:08:54 +0200] "GET /phpmyadmin/js/jquery/jquery.sprintf.js?ts=1368013876 HTTP/1.1" 200 987
::1 - - [08/May/2013:14:08:54 +0200] "GET /phpmyadmin/js/jquery/jquery.qtip-1.0.0.min.js?ts=1368013876 HTTP/1.1" 304 -
::1 - - [08/May/2013:14:08:54 +0200] "GET /phpmyadmin/js/functions.js?ts=1368013875 HTTP/1.1" 304 -
::1 - - [08/May/2013:14:08:54 +0200] "GET /phpmyadmin/js/config.js?ts=1368013875 HTTP/1.1" 200 9480
::1 - - [08/May/2013:14:08:54 +0200] "GET /phpmyadmin/phpmyadmin.css.php?server=1&token=67684f8180e246915b1cd8cc2a1db28f&js_frame=right&nocache=5472056956 HTTP/1.1" 200 41672
::1 - - [08/May/2013:14:08:56 +0200] "GET /phpmyadmin/tbl_create.php?db=test&token=67684f8180e246915b1cd8cc2a1db28f HTTP/1.1" 200 84365
::1 - - [08/May/2013:14:08:56 +0200] "GET /phpmyadmin/js/cross_framing_protection.js?ts=1368013875 HTTP/1.1" 304 -
::1 - - [08/May/2013:14:08:56 +0200] "GET /phpmyadmin/js/jquery/jquery-1.4.4.js?ts=1368013876 HTTP/1.1" 304 -
::1 - - [08/May/2013:14:08:56 +0200] "GET /phpmyadmin/js/update-location.js?ts=1368013876 HTTP/1.1" 304 -
::1 - - [08/May/2013:14:08:56 +0200] "GET /phpmyadmin/js/config.js?ts=1368013875 HTTP/1.1" 304 -
::1 - - [08/May/2013:14:08:56 +0200] "GET /phpmyadmin/js/functions.js?ts=1368013875 HTTP/1.1" 304 -
::1 - - [08/May/2013:14:08:56 +0200] "GET /phpmyadmin/js/jquery/jquery.qtip-1.0.0.min.js?ts=1368013876 HTTP/1.1" 304 -
::1 - - [08/May/2013:14:08:56 +0200] "GET /phpmyadmin/js/messages.php?lang=nl&db=test&token=67684f8180e246915b1cd8cc2a1db28f HTTP/1.1" 200 5284
::1 - - [08/May/2013:14:08:56 +0200] "GET /phpmyadmin/navigation.php?server=1&token=67684f8180e246915b1cd8cc2a1db28f&db=test&table=&lang=nl&collation_connection=utf8_general_ci HTTP/1.1" 200 4099
::1 - - [08/May/2013:14:09:01 +0200] "GET /phpmyadmin/querywindow.php?token=67684f8180e246915b1cd8cc2a1db28f&db=test&table=&init=1 HTTP/1.1" 200 6284
::1 - - [08/May/2013:14:09:01 +0200] "GET /phpmyadmin/js/cross_framing_protection.js?ts=1368013875 HTTP/1.1" 304 -
::1 - - [08/May/2013:14:09:01 +0200] "GET /phpmyadmin/js/jquery/jquery-1.4.4.js?ts=1368013876 HTTP/1.1" 304 -
::1 - - [08/May/2013:14:09:01 +0200] "GET /phpmyadmin/js/update-location.js?ts=1368013876 HTTP/1.1" 304 -
::1 - - [08/May/2013:14:09:01 +0200] "GET /phpmyadmin/js/common.js?ts=1368013875 HTTP/1.1" 304 -
::1 - - [08/May/2013:14:09:02 +0200] "GET /phpmyadmin/js/functions.js?ts=1368013875 HTTP/1.1" 304 -
::1 - - [08/May/2013:14:09:02 +0200] "GET /phpmyadmin/js/querywindow.js?ts=1368013875 HTTP/1.1" 200 783
::1 - - [08/May/2013:14:09:02 +0200] "GET /phpmyadmin/js/jquery/jquery.qtip-1.0.0.min.js?ts=1368013876 HTTP/1.1" 304 -
::1 - - [08/May/2013:14:09:02 +0200] "GET /phpmyadmin/themes/pmahomme/img/b_bookmark.png HTTP/1.1" 200 714
::1 - - [08/May/2013:14:09:04 +0200] "GET /phpmyadmin/main.php?token=67684f8180e246915b1cd8cc2a1db28f HTTP/1.1" 200 38852
::1 - - [08/May/2013:14:09:05 +0200] "GET /phpmyadmin/js/cross_framing_protection.js?ts=1368013875 HTTP/1.1" 304 -
::1 - - [08/May/2013:14:09:05 +0200] "GET /phpmyadmin/js/config.js?ts=1368013875 HTTP/1.1" 304 -
::1 - - [08/May/2013:14:09:05 +0200] "GET /phpmyadmin/js/functions.js?ts=1368013875 HTTP/1.1" 304 -
::1 - - [08/May/2013:14:09:05 +0200] "GET /phpmyadmin/js/jquery/jquery.qtip-1.0.0.min.js?ts=1368013876 HTTP/1.1" 304 -
::1 - - [08/May/2013:14:09:05 +0200] "GET /phpmyadmin/js/jquery/jquery.sprintf.js?ts=1368013876 HTTP/1.1" 304 -
::1 - - [08/May/2013:14:09:05 +0200] "GET /phpmyadmin/js/jquery/jquery-ui-1.8.custom.js?ts=1368013876 HTTP/1.1" 304 -
::1 - - [08/May/2013:14:09:05 +0200] "GET /phpmyadmin/js/update-location.js?ts=1368013876 HTTP/1.1" 304 -
::1 - - [08/May/2013:14:09:05 +0200] "GET /phpmyadmin/js/jquery/jquery-1.4.4.js?ts=1368013876 HTTP/1.1" 304 -
::1 - - [08/May/2013:14:09:05 +0200] "GET /phpmyadmin/navigation.php?server=1&token=67684f8180e246915b1cd8cc2a1db28f&db=&table=&lang=nl&collation_connection=utf8_general_ci HTTP/1.1" 200 4099
::1 - - [08/May/2013:14:09:06 +0200] "GET /phpmyadmin/server_databases.php?token=67684f8180e246915b1cd8cc2a1db28f HTTP/1.1" 200 33096
::1 - - [08/May/2013:14:09:07 +0200] "GET /phpmyadmin/js/cross_framing_protection.js?ts=1368013875 HTTP/1.1" 304 -
::1 - - [08/May/2013:14:09:07 +0200] "GET /phpmyadmin/js/jquery/jquery-1.4.4.js?ts=1368013876 HTTP/1.1" 304 -
::1 - - [08/May/2013:14:09:07 +0200] "GET /phpmyadmin/js/config.js?ts=1368013875 HTTP/1.1" 304 -
::1 - - [08/May/2013:14:09:07 +0200] "GET /phpmyadmin/js/functions.js?ts=1368013875 HTTP/1.1" 304 -
::1 - - [08/May/2013:14:09:07 +0200] "GET /phpmyadmin/js/jquery/jquery.qtip-1.0.0.min.js?ts=1368013876 HTTP/1.1" 304 -
::1 - - [08/May/2013:14:09:07 +0200] "GET /phpmyadmin/js/update-location.js?ts=1368013876 HTTP/1.1" 304 -
::1 - - [08/May/2013:14:09:12 +0200] "POST /phpmyadmin/server_databases.php HTTP/1.1" 200 7588
::1 - - [08/May/2013:14:09:12 +0200] "GET /phpmyadmin/js/cross_framing_protection.js?ts=1368013875 HTTP/1.1" 304 -
::1 - - [08/May/2013:14:09:12 +0200] "GET /phpmyadmin/js/update-location.js?ts=1368013876 HTTP/1.1" 304 -
::1 - - [08/May/2013:14:09:12 +0200] "GET /phpmyadmin/js/functions.js?ts=1368013875 HTTP/1.1" 304 -
::1 - - [08/May/2013:14:09:12 +0200] "GET /phpmyadmin/js/jquery/jquery.qtip-1.0.0.min.js?ts=1368013876 HTTP/1.1" 304 -
::1 - - [08/May/2013:14:09:12 +0200] "GET /phpmyadmin/js/config.js?ts=1368013875 HTTP/1.1" 304 -
::1 - - [08/May/2013:14:09:12 +0200] "GET /phpmyadmin/js/jquery/jquery-1.4.4.js?ts=1368013876 HTTP/1.1" 304 -
::1 - - [08/May/2013:14:09:14 +0200] "GET /phpmyadmin/server_databases.php?token=67684f8180e246915b1cd8cc2a1db28f HTTP/1.1" 200 33096
::1 - - [08/May/2013:14:09:14 +0200] "GET /phpmyadmin/js/cross_framing_protection.js?ts=1368013875 HTTP/1.1" 304 -
::1 - - [08/May/2013:14:09:14 +0200] "GET /phpmyadmin/js/config.js?ts=1368013875 HTTP/1.1" 304 -
::1 - - [08/May/2013:14:09:14 +0200] "GET /phpmyadmin/js/update-location.js?ts=1368013876 HTTP/1.1" 304 -
::1 - - [08/May/2013:14:09:14 +0200] "GET /phpmyadmin/js/jquery/jquery-1.4.4.js?ts=1368013876 HTTP/1.1" 304 -
::1 - - [08/May/2013:14:09:14 +0200] "GET /phpmyadmin/js/functions.js?ts=1368013875 HTTP/1.1" 304 -
::1 - - [08/May/2013:14:09:14 +0200] "GET /phpmyadmin/js/jquery/jquery.qtip-1.0.0.min.js?ts=1368013876 HTTP/1.1" 304 -
::1 - - [08/May/2013:14:09:39 +0200] "POST /phpmyadmin/db_create.php HTTP/1.1" 200 2449
::1 - - [08/May/2013:14:09:39 +0200] "GET /phpmyadmin/navigation.php?server=1&token=67684f8180e246915b1cd8cc2a1db28f&db=&table=&lang=nl&collation_connection=utf8_general_ci HTTP/1.1" 200 4071
::1 - - [08/May/2013:14:09:39 +0200] "GET /phpmyadmin/js/jquery/jquery-1.4.4.js HTTP/1.1" 200 78268
::1 - - [08/May/2013:14:09:39 +0200] "GET /phpmyadmin/js/functions.js HTTP/1.1" 200 31563
::1 - - [08/May/2013:14:09:39 +0200] "GET /phpmyadmin/js/navigation.js HTTP/1.1" 200 2521
::1 - - [08/May/2013:14:09:39 +0200] "GET /phpmyadmin/phpmyadmin.css.php?token=67684f8180e246915b1cd8cc2a1db28f&js_frame=left&nocache=5472056956 HTTP/1.1" 200 5861
::1 - - [08/May/2013:14:09:39 +0200] "GET /phpmyadmin/themes/pmahomme/img/b_home.png HTTP/1.1" 200 806
::1 - - [08/May/2013:14:09:39 +0200] "GET /phpmyadmin/themes/pmahomme/img/logo_left.png HTTP/1.1" 200 4970
::1 - - [08/May/2013:14:09:39 +0200] "GET /phpmyadmin/themes/pmahomme/img/left_nav_bg.png HTTP/1.1" 200 215
::1 - - [08/May/2013:14:09:39 +0200] "GET /phpmyadmin/themes/pmahomme/img/s_loggoff.png HTTP/1.1" 200 688
::1 - - [08/May/2013:14:09:39 +0200] "GET /phpmyadmin/themes/pmahomme/img/b_selboard.png HTTP/1.1" 200 698
::1 - - [08/May/2013:14:09:39 +0200] "GET /phpmyadmin/themes/pmahomme/img/b_docs.png HTTP/1.1" 200 786
::1 - - [08/May/2013:14:09:39 +0200] "GET /phpmyadmin/themes/pmahomme/img/b_sqlhelp.png HTTP/1.1" 200 579
::1 - - [08/May/2013:14:09:39 +0200] "GET /phpmyadmin/themes/pmahomme/img/s_reload.png HTTP/1.1" 200 608
::1 - - [08/May/2013:14:09:39 +0200] "GET /phpmyadmin/themes/pmahomme/img/database.png HTTP/1.1" 200 390
::1 - - [08/May/2013:14:09:43 +0200] "POST /phpmyadmin/server_databases.php HTTP/1.1" 200 7588
::1 - - [08/May/2013:14:09:43 +0200] "GET /phpmyadmin/js/jquery/jquery-1.4.4.js?ts=1368013876 HTTP/1.1" 304 -
::1 - - [08/May/2013:14:09:43 +0200] "GET /phpmyadmin/js/jquery/jquery.qtip-1.0.0.min.js?ts=1368013876 HTTP/1.1" 304 -
::1 - - [08/May/2013:14:09:43 +0200] "GET /phpmyadmin/js/cross_framing_protection.js?ts=1368013875 HTTP/1.1" 304 -
::1 - - [08/May/2013:14:09:43 +0200] "GET /phpmyadmin/js/functions.js?ts=1368013875 HTTP/1.1" 304 -
::1 - - [08/May/2013:14:09:43 +0200] "GET /phpmyadmin/js/update-location.js?ts=1368013876 HTTP/1.1" 304 -
::1 - - [08/May/2013:14:09:43 +0200] "GET /phpmyadmin/js/config.js?ts=1368013875 HTTP/1.1" 304 -
::1 - - [08/May/2013:14:09:44 +0200] "POST /phpmyadmin/server_databases.php HTTP/1.1" 200 5814
::1 - - [08/May/2013:14:09:45 +0200] "GET /phpmyadmin/js/cross_framing_protection.js?ts=1368013875 HTTP/1.1" 304 -
::1 - - [08/May/2013:14:09:45 +0200] "GET /phpmyadmin/js/jquery/jquery-1.4.4.js?ts=1368013876 HTTP/1.1" 304 -
::1 - - [08/May/2013:14:09:45 +0200] "GET /phpmyadmin/js/update-location.js?ts=1368013876 HTTP/1.1" 304 -
::1 - - [08/May/2013:14:09:45 +0200] "GET /phpmyadmin/js/jquery/jquery.qtip-1.0.0.min.js?ts=1368013876 HTTP/1.1" 304 -
::1 - - [08/May/2013:14:09:45 +0200] "GET /phpmyadmin/js/functions.js?ts=1368013875 HTTP/1.1" 304 -
::1 - - [08/May/2013:14:09:45 +0200] "GET /phpmyadmin/js/config.js?ts=1368013875 HTTP/1.1" 304 -
::1 - - [08/May/2013:14:09:45 +0200] "GET /phpmyadmin/navigation.php?token=67684f8180e246915b1cd8cc2a1db28f HTTP/1.1" 200 4071
::1 - - [08/May/2013:14:09:47 +0200] "GET /phpmyadmin/main.php?token=67684f8180e246915b1cd8cc2a1db28f HTTP/1.1" 200 38852
::1 - - [08/May/2013:14:09:47 +0200] "GET /phpmyadmin/js/cross_framing_protection.js?ts=1368013875 HTTP/1.1" 304 -
::1 - - [08/May/2013:14:09:47 +0200] "GET /phpmyadmin/js/jquery/jquery-1.4.4.js?ts=1368013876 HTTP/1.1" 304 -
::1 - - [08/May/2013:14:09:47 +0200] "GET /phpmyadmin/js/functions.js?ts=1368013875 HTTP/1.1" 304 -
::1 - - [08/May/2013:14:09:47 +0200] "GET /phpmyadmin/js/update-location.js?ts=1368013876 HTTP/1.1" 304 -
::1 - - [08/May/2013:14:09:47 +0200] "GET /phpmyadmin/js/jquery/jquery-ui-1.8.custom.js?ts=1368013876 HTTP/1.1" 304 -
::1 - - [08/May/2013:14:09:47 +0200] "GET /phpmyadmin/js/jquery/jquery.sprintf.js?ts=1368013876 HTTP/1.1" 304 -
::1 - - [08/May/2013:14:09:47 +0200] "GET /phpmyadmin/js/config.js?ts=1368013875 HTTP/1.1" 304 -
::1 - - [08/May/2013:14:09:47 +0200] "GET /phpmyadmin/js/jquery/jquery.qtip-1.0.0.min.js?ts=1368013876 HTTP/1.1" 304 -
::1 - - [08/May/2013:14:09:49 +0200] "GET /phpmyadmin/server_sql.php?token=67684f8180e246915b1cd8cc2a1db28f HTTP/1.1" 200 9314
::1 - - [08/May/2013:14:09:49 +0200] "GET /phpmyadmin/js/config.js?ts=1368013875 HTTP/1.1" 304 -
::1 - - [08/May/2013:14:09:49 +0200] "GET /phpmyadmin/js/jquery/jquery-1.4.4.js?ts=1368013876 HTTP/1.1" 304 -
::1 - - [08/May/2013:14:09:49 +0200] "GET /phpmyadmin/js/cross_framing_protection.js?ts=1368013875 HTTP/1.1" 304 -
::1 - - [08/May/2013:14:09:49 +0200] "GET /phpmyadmin/js/jquery/jquery.qtip-1.0.0.min.js?ts=1368013876 HTTP/1.1" 304 -
::1 - - [08/May/2013:14:09:49 +0200] "GET /phpmyadmin/js/update-location.js?ts=1368013876 HTTP/1.1" 304 -
::1 - - [08/May/2013:14:09:49 +0200] "GET /phpmyadmin/js/functions.js?ts=1368013875 HTTP/1.1" 304 -
::1 - - [08/May/2013:14:09:49 +0200] "GET /phpmyadmin/js/sql.js?ts=1368013876 HTTP/1.1" 200 15945
::1 - - [08/May/2013:14:09:50 +0200] "GET /phpmyadmin/server_databases.php?token=67684f8180e246915b1cd8cc2a1db28f HTTP/1.1" 200 33945
::1 - - [08/May/2013:14:09:50 +0200] "GET /phpmyadmin/js/jquery/jquery-1.4.4.js?ts=1368013876 HTTP/1.1" 304 -
::1 - - [08/May/2013:14:09:50 +0200] "GET /phpmyadmin/js/cross_framing_protection.js?ts=1368013875 HTTP/1.1" 304 -
::1 - - [08/May/2013:14:09:50 +0200] "GET /phpmyadmin/js/update-location.js?ts=1368013876 HTTP/1.1" 304 -
::1 - - [08/May/2013:14:09:50 +0200] "GET /phpmyadmin/js/config.js?ts=1368013875 HTTP/1.1" 304 -
::1 - - [08/May/2013:14:09:50 +0200] "GET /phpmyadmin/js/jquery/jquery.qtip-1.0.0.min.js?ts=1368013876 HTTP/1.1" 304 -
::1 - - [08/May/2013:14:09:50 +0200] "GET /phpmyadmin/js/functions.js?ts=1368013875 HTTP/1.1" 304 -
::1 - - [08/May/2013:14:09:52 +0200] "POST /phpmyadmin/server_databases.php HTTP/1.1" 200 7588
::1 - - [08/May/2013:14:09:52 +0200] "GET /phpmyadmin/js/jquery/jquery-1.4.4.js?ts=1368013876 HTTP/1.1" 304 -
::1 - - [08/May/2013:14:09:53 +0200] "GET /phpmyadmin/js/cross_framing_protection.js?ts=1368013875 HTTP/1.1" 304 -
::1 - - [08/May/2013:14:09:53 +0200] "GET /phpmyadmin/js/jquery/jquery.qtip-1.0.0.min.js?ts=1368013876 HTTP/1.1" 304 -
::1 - - [08/May/2013:14:09:53 +0200] "GET /phpmyadmin/js/update-location.js?ts=1368013876 HTTP/1.1" 304 -
::1 - - [08/May/2013:14:09:53 +0200] "GET /phpmyadmin/js/config.js?ts=1368013875 HTTP/1.1" 304 -
::1 - - [08/May/2013:14:09:53 +0200] "GET /phpmyadmin/js/functions.js?ts=1368013875 HTTP/1.1" 304 -
::1 - - [08/May/2013:14:09:53 +0200] "GET /phpmyadmin/navigation.php?server=1&token=67684f8180e246915b1cd8cc2a1db28f&db=&table=&lang=nl&collation_connection=utf8_general_ci HTTP/1.1" 200 4071
::1 - - [08/May/2013:14:09:54 +0200] "POST /phpmyadmin/server_databases.php HTTP/1.1" 200 5814
::1 - - [08/May/2013:14:09:54 +0200] "GET /phpmyadmin/js/jquery/jquery-1.4.4.js?ts=1368013876 HTTP/1.1" 304 -
::1 - - [08/May/2013:14:09:54 +0200] "GET /phpmyadmin/js/cross_framing_protection.js?ts=1368013875 HTTP/1.1" 304 -
::1 - - [08/May/2013:14:09:54 +0200] "GET /phpmyadmin/js/update-location.js?ts=1368013876 HTTP/1.1" 304 -
::1 - - [08/May/2013:14:09:54 +0200] "GET /phpmyadmin/js/config.js?ts=1368013875 HTTP/1.1" 304 -
::1 - - [08/May/2013:14:09:54 +0200] "GET /phpmyadmin/js/functions.js?ts=1368013875 HTTP/1.1" 304 -
::1 - - [08/May/2013:14:09:54 +0200] "GET /phpmyadmin/js/jquery/jquery.qtip-1.0.0.min.js?ts=1368013876 HTTP/1.1" 304 -
::1 - - [08/May/2013:14:09:54 +0200] "GET /phpmyadmin/navigation.php?token=67684f8180e246915b1cd8cc2a1db28f HTTP/1.1" 200 4071
::1 - - [08/May/2013:14:10:00 +0200] "GET /phpmyadmin/main.php?token=67684f8180e246915b1cd8cc2a1db28f HTTP/1.1" 200 38852
::1 - - [08/May/2013:14:10:00 +0200] "GET /phpmyadmin/js/cross_framing_protection.js?ts=1368013875 HTTP/1.1" 304 -
::1 - - [08/May/2013:14:10:00 +0200] "GET /phpmyadmin/js/jquery/jquery-1.4.4.js?ts=1368013876 HTTP/1.1" 304 -
::1 - - [08/May/2013:14:10:00 +0200] "GET /phpmyadmin/js/update-location.js?ts=1368013876 HTTP/1.1" 304 -
::1 - - [08/May/2013:14:10:00 +0200] "GET /phpmyadmin/js/jquery/jquery-ui-1.8.custom.js?ts=1368013876 HTTP/1.1" 304 -
::1 - - [08/May/2013:14:10:00 +0200] "GET /phpmyadmin/js/jquery/jquery.sprintf.js?ts=1368013876 HTTP/1.1" 304 -
::1 - - [08/May/2013:14:10:00 +0200] "GET /phpmyadmin/js/functions.js?ts=1368013875 HTTP/1.1" 304 -
::1 - - [08/May/2013:14:10:00 +0200] "GET /phpmyadmin/js/config.js?ts=1368013875 HTTP/1.1" 304 -
::1 - - [08/May/2013:14:10:00 +0200] "GET /phpmyadmin/js/jquery/jquery.qtip-1.0.0.min.js?ts=1368013876 HTTP/1.1" 304 -
::1 - - [08/May/2013:14:10:01 +0200] "GET /phpmyadmin/index.php?db=hblwissels&token=67684f8180e246915b1cd8cc2a1db28f HTTP/1.1" 200 2664
::1 - - [08/May/2013:14:10:01 +0200] "GET /phpmyadmin/js/common.js?ts=1368013875 HTTP/1.1" 304 -
::1 - - [08/May/2013:14:10:01 +0200] "GET /phpmyadmin/js/jquery/jquery-1.4.4.js?ts=1368013876 HTTP/1.1" 304 -
::1 - - [08/May/2013:14:10:01 +0200] "GET /phpmyadmin/js/update-location.js?ts=1368013876 HTTP/1.1" 304 -
::1 - - [08/May/2013:14:10:01 +0200] "GET /phpmyadmin/navigation.php?token=67684f8180e246915b1cd8cc2a1db28f&db=hblwissels HTTP/1.1" 200 4692
::1 - - [08/May/2013:14:10:01 +0200] "GET /phpmyadmin/db_structure.php?token=67684f8180e246915b1cd8cc2a1db28f&db=hblwissels HTTP/1.1" 200 8328
::1 - - [08/May/2013:14:10:01 +0200] "GET /phpmyadmin/js/jquery/jquery-1.4.4.js?ts=1368013876 HTTP/1.1" 304 -
::1 - - [08/May/2013:14:10:02 +0200] "GET /phpmyadmin/js/cross_framing_protection.js?ts=1368013875 HTTP/1.1" 304 -
::1 - - [08/May/2013:14:10:02 +0200] "GET /phpmyadmin/js/update-location.js?ts=1368013876 HTTP/1.1" 304 -
::1 - - [08/May/2013:14:10:02 +0200] "GET /phpmyadmin/js/config.js?ts=1368013875 HTTP/1.1" 304 -
::1 - - [08/May/2013:14:10:02 +0200] "GET /phpmyadmin/js/jquery/jquery-ui-1.8.custom.js?ts=1368013876 HTTP/1.1" 304 -
::1 - - [08/May/2013:14:10:02 +0200] "GET /phpmyadmin/js/functions.js?ts=1368013875 HTTP/1.1" 304 -
::1 - - [08/May/2013:14:10:02 +0200] "GET /phpmyadmin/js/db_structure.js?ts=1368013875 HTTP/1.1" 200 3178
::1 - - [08/May/2013:14:10:02 +0200] "GET /phpmyadmin/js/jquery/jquery.qtip-1.0.0.min.js?ts=1368013876 HTTP/1.1" 304 -
::1 - - [08/May/2013:14:10:02 +0200] "GET /phpmyadmin/js/messages.php?lang=nl&db=hblwissels&token=67684f8180e246915b1cd8cc2a1db28f HTTP/1.1" 200 5290
::1 - - [08/May/2013:14:10:05 +0200] "GET /phpmyadmin/tbl_create.php?db=hblwissels&token=67684f8180e246915b1cd8cc2a1db28f HTTP/1.1" 200 84413
::1 - - [08/May/2013:14:10:05 +0200] "GET /phpmyadmin/js/config.js?ts=1368013875 HTTP/1.1" 304 -
::1 - - [08/May/2013:14:10:05 +0200] "GET /phpmyadmin/js/jquery/jquery-1.4.4.js?ts=1368013876 HTTP/1.1" 304 -
::1 - - [08/May/2013:14:10:05 +0200] "GET /phpmyadmin/js/cross_framing_protection.js?ts=1368013875 HTTP/1.1" 304 -
::1 - - [08/May/2013:14:10:05 +0200] "GET /phpmyadmin/js/update-location.js?ts=1368013876 HTTP/1.1" 304 -
::1 - - [08/May/2013:14:10:05 +0200] "GET /phpmyadmin/js/functions.js?ts=1368013875 HTTP/1.1" 304 -
::1 - - [08/May/2013:14:10:05 +0200] "GET /phpmyadmin/js/jquery/jquery.qtip-1.0.0.min.js?ts=1368013876 HTTP/1.1" 304 -
::1 - - [08/May/2013:14:10:35 +0200] "POST /phpmyadmin/tbl_create.php HTTP/1.1" 200 184836
::1 - - [08/May/2013:14:13:57 +0200] "POST /phpmyadmin/tbl_create.php HTTP/1.1" 200 2213
::1 - - [08/May/2013:14:13:57 +0200] "GET /phpmyadmin/tbl_create.php?db=hblwissels&token=67684f8180e246915b1cd8cc2a1db28f HTTP/1.1" 200 84413
::1 - - [08/May/2013:14:13:57 +0200] "GET /phpmyadmin/navigation.php?token=67684f8180e246915b1cd8cc2a1db28f&db=hblwissels HTTP/1.1" 200 5175
::1 - - [08/May/2013:14:13:58 +0200] "GET /phpmyadmin/print.css HTTP/1.1" 200 1064
::1 - - [08/May/2013:14:13:58 +0200] "GET /phpmyadmin/js/cross_framing_protection.js?ts=1368013875 HTTP/1.1" 304 -
::1 - - [08/May/2013:14:13:58 +0200] "GET /phpmyadmin/js/config.js?ts=1368013875 HTTP/1.1" 304 -
::1 - - [08/May/2013:14:13:58 +0200] "GET /phpmyadmin/js/jquery/jquery-1.4.4.js?ts=1368013876 HTTP/1.1" 304 -
::1 - - [08/May/2013:14:13:58 +0200] "GET /phpmyadmin/js/update-location.js?ts=1368013876 HTTP/1.1" 304 -
::1 - - [08/May/2013:14:13:58 +0200] "GET /phpmyadmin/js/jquery/jquery.qtip-1.0.0.min.js?ts=1368013876 HTTP/1.1" 304 -
::1 - - [08/May/2013:14:13:58 +0200] "GET /phpmyadmin/js/functions.js?ts=1368013875 HTTP/1.1" 304 -
::1 - - [08/May/2013:14:13:58 +0200] "GET /phpmyadmin/themes/pmahomme/jquery/jquery-ui-1.8.custom.css HTTP/1.1" 200 30846
::1 - - [08/May/2013:14:13:58 +0200] "GET /phpmyadmin/js/jquery/jquery-1.4.4.js HTTP/1.1" 304 -
::1 - - [08/May/2013:14:13:58 +0200] "GET /phpmyadmin/js/navigation.js HTTP/1.1" 304 -
::1 - - [08/May/2013:14:13:58 +0200] "GET /phpmyadmin/js/functions.js HTTP/1.1" 304 -
::1 - - [08/May/2013:14:13:58 +0200] "GET /phpmyadmin/js/keyhandler.js HTTP/1.1" 200 856
::1 - - [08/May/2013:14:13:58 +0200] "GET /phpmyadmin/themes/pmahomme/img/b_sbrowse.png HTTP/1.1" 200 566
::1 - - [08/May/2013:14:13:58 +0200] "GET /phpmyadmin/phpmyadmin.css.php?server=1&token=67684f8180e246915b1cd8cc2a1db28f&js_frame=right&nocache=5472056956 HTTP/1.1" 200 41672
::1 - - [08/May/2013:14:13:58 +0200] "GET /phpmyadmin/js/messages.php?lang=nl&db=hblwissels&token=67684f8180e246915b1cd8cc2a1db28f HTTP/1.1" 200 5290
::1 - - [08/May/2013:14:13:58 +0200] "GET /phpmyadmin/themes/pmahomme/img/item_ltr.png HTTP/1.1" 200 162
::1 - - [08/May/2013:14:13:58 +0200] "GET /phpmyadmin/themes/pmahomme/img/s_host.png HTTP/1.1" 200 667
::1 - - [08/May/2013:14:13:58 +0200] "GET /phpmyadmin/themes/pmahomme/img/s_db.png HTTP/1.1" 200 390
::1 - - [08/May/2013:14:13:58 +0200] "GET /phpmyadmin/phpmyadmin.css.php?token=67684f8180e246915b1cd8cc2a1db28f&js_frame=left&nocache=5472056956 HTTP/1.1" 200 5861
::1 - - [08/May/2013:14:13:58 +0200] "GET /phpmyadmin/themes/pmahomme/img/b_help.png HTTP/1.1" 200 1594
::1 - - [08/May/2013:14:13:58 +0200] "GET /phpmyadmin/themes/pmahomme/img/left_nav_bg.png HTTP/1.1" 304 -
::1 - - [08/May/2013:14:13:58 +0200] "GET /phpmyadmin/themes/pmahomme/img/logo_left.png HTTP/1.1" 304 -
::1 - - [08/May/2013:14:13:58 +0200] "GET /phpmyadmin/themes/pmahomme/img/s_loggoff.png HTTP/1.1" 304 -
::1 - - [08/May/2013:14:13:58 +0200] "GET /phpmyadmin/themes/pmahomme/img/b_home.png HTTP/1.1" 304 -
::1 - - [08/May/2013:14:13:58 +0200] "GET /phpmyadmin/themes/pmahomme/img/b_selboard.png HTTP/1.1" 304 -
::1 - - [08/May/2013:14:13:58 +0200] "GET /phpmyadmin/themes/pmahomme/img/b_docs.png HTTP/1.1" 304 -
::1 - - [08/May/2013:14:13:58 +0200] "GET /phpmyadmin/themes/pmahomme/img/b_sqlhelp.png HTTP/1.1" 304 -
::1 - - [08/May/2013:14:13:58 +0200] "GET /phpmyadmin/themes/pmahomme/img/s_reload.png HTTP/1.1" 304 -
::1 - - [08/May/2013:14:13:58 +0200] "GET /phpmyadmin/themes/pmahomme/img/s_notice.png HTTP/1.1" 200 666
::1 - - [08/May/2013:14:13:58 +0200] "GET /phpmyadmin/themes/pmahomme/img/input_bg.gif HTTP/1.1" 200 162
::1 - - [08/May/2013:14:13:58 +0200] "GET /phpmyadmin/themes/pmahomme/img/b_snewtbl.png HTTP/1.1" 200 733
::1 - - [08/May/2013:14:14:00 +0200] "GET /phpmyadmin/themes/pmahomme/img/marked_bg.png HTTP/1.1" 200 977
::1 - - [08/May/2013:14:14:01 +0200] "GET /phpmyadmin/sql.php?db=hblwissels&token=67684f8180e246915b1cd8cc2a1db28f&table=wissels&pos=0 HTTP/1.1" 200 59192
::1 - - [08/May/2013:14:14:01 +0200] "GET /phpmyadmin/js/cross_framing_protection.js?ts=1368013875 HTTP/1.1" 304 -
::1 - - [08/May/2013:14:14:01 +0200] "GET /phpmyadmin/js/jquery/jquery-1.4.4.js?ts=1368013876 HTTP/1.1" 304 -
::1 - - [08/May/2013:14:14:01 +0200] "GET /phpmyadmin/js/config.js?ts=1368013875 HTTP/1.1" 304 -
::1 - - [08/May/2013:14:14:01 +0200] "GET /phpmyadmin/js/update-location.js?ts=1368013876 HTTP/1.1" 304 -
::1 - - [08/May/2013:14:14:01 +0200] "GET /phpmyadmin/js/jquery/jquery-ui-1.8.custom.js?ts=1368013876 HTTP/1.1" 304 -
::1 - - [08/May/2013:14:14:01 +0200] "GET /phpmyadmin/js/functions.js?ts=1368013875 HTTP/1.1" 304 -
::1 - - [08/May/2013:14:14:01 +0200] "GET /phpmyadmin/js/jquery/jquery.qtip-1.0.0.min.js?ts=1368013876 HTTP/1.1" 304 -
::1 - - [08/May/2013:14:14:01 +0200] "GET /phpmyadmin/themes/pmahomme/img/bd_index.png HTTP/1.1" 200 253
::1 - - [08/May/2013:14:14:01 +0200] "GET /phpmyadmin/themes/pmahomme/img/bd_unique.png HTTP/1.1" 200 218
::1 - - [08/May/2013:14:14:01 +0200] "GET /phpmyadmin/js/pMap.js?ts=1368013875 HTTP/1.1" 200 1915
::1 - - [08/May/2013:14:14:19 +0200] "GET /phpmyadmin/main.php?token=67684f8180e246915b1cd8cc2a1db28f HTTP/1.1" 200 38852
::1 - - [08/May/2013:14:14:19 +0200] "GET /phpmyadmin/js/cross_framing_protection.js?ts=1368013875 HTTP/1.1" 304 -
::1 - - [08/May/2013:14:14:19 +0200] "GET /phpmyadmin/js/jquery/jquery-1.4.4.js?ts=1368013876 HTTP/1.1" 304 -
::1 - - [08/May/2013:14:14:19 +0200] "GET /phpmyadmin/js/jquery/jquery-ui-1.8.custom.js?ts=1368013876 HTTP/1.1" 304 -
::1 - - [08/May/2013:14:14:19 +0200] "GET /phpmyadmin/js/jquery/jquery.sprintf.js?ts=1368013876 HTTP/1.1" 304 -
::1 - - [08/May/2013:14:14:19 +0200] "GET /phpmyadmin/js/config.js?ts=1368013875 HTTP/1.1" 304 -
::1 - - [08/May/2013:14:14:19 +0200] "GET /phpmyadmin/js/jquery/jquery.qtip-1.0.0.min.js?ts=1368013876 HTTP/1.1" 304 -
::1 - - [08/May/2013:14:14:19 +0200] "GET /phpmyadmin/js/functions.js?ts=1368013875 HTTP/1.1" 304 -
::1 - - [08/May/2013:14:14:19 +0200] "GET /phpmyadmin/js/update-location.js?ts=1368013876 HTTP/1.1" 304 -
::1 - - [08/May/2013:14:14:19 +0200] "GET /phpmyadmin/navigation.php?server=1&token=67684f8180e246915b1cd8cc2a1db28f&db=&table=&lang=nl&collation_connection=utf8_general_ci HTTP/1.1" 200 4071
::1 - - [08/May/2013:14:14:19 +0200] "GET /phpmyadmin/themes/pmahomme/img/database.png HTTP/1.1" 304 -
