130508 14:08:40 [Note] Plugin 'FEDERATED' is disabled.
130508 14:08:40 InnoDB: The InnoDB memory heap is disabled
130508 14:08:40 InnoDB: Mutexes and rw_locks use Windows interlocked functions
130508 14:08:40 InnoDB: Compressed tables use zlib 1.2.3
130508 14:08:40 InnoDB: Initializing buffer pool, size = 128.0M
130508 14:08:40 InnoDB: Completed initialization of buffer pool
InnoDB: The first specified data file C:\Users\informatica\Desktop\GitHub\OperatieStudieruil\mysql\data\ibdata1 did not exist:
InnoDB: a new database to be created!
130508 14:08:40  InnoDB: Setting file C:\Users\informatica\Desktop\GitHub\OperatieStudieruil\mysql\data\ibdata1 size to 10 MB
InnoDB: Database physically writes the file full: wait...
130508 14:08:40  InnoDB: Log file C:\Users\informatica\Desktop\GitHub\OperatieStudieruil\mysql\data\ib_logfile0 did not exist: new to be created
InnoDB: Setting log file C:\Users\informatica\Desktop\GitHub\OperatieStudieruil\mysql\data\ib_logfile0 size to 5 MB
InnoDB: Database physically writes the file full: wait...
130508 14:08:40  InnoDB: Log file C:\Users\informatica\Desktop\GitHub\OperatieStudieruil\mysql\data\ib_logfile1 did not exist: new to be created
InnoDB: Setting log file C:\Users\informatica\Desktop\GitHub\OperatieStudieruil\mysql\data\ib_logfile1 size to 5 MB
InnoDB: Database physically writes the file full: wait...
InnoDB: Doublewrite buffer not found: creating new
InnoDB: Doublewrite buffer created
InnoDB: 127 rollback segment(s) active.
InnoDB: Creating foreign key constraint system tables
InnoDB: Foreign key constraint system tables created
130508 14:08:42  InnoDB: Waiting for the background threads to start
130508 14:08:43 InnoDB: 1.1.8 started; log sequence number 0
130508 14:08:43 [Note] Event Scheduler: Loaded 0 events
130508 14:08:43 [Note] C:\Users\informatica\Desktop\GitHub\OperatieStudieruil/mysql/bin/mysqld_usbwv8.exe: ready for connections.
Version: '5.5.20'  socket: ''  port: 3307  MySQL Community Server (GPL)
130508 14:20:18 [Note] Plugin 'FEDERATED' is disabled.
130508 14:20:18 InnoDB: The InnoDB memory heap is disabled
130508 14:20:18 InnoDB: Mutexes and rw_locks use Windows interlocked functions
130508 14:20:18 InnoDB: Compressed tables use zlib 1.2.3
130508 14:20:18 InnoDB: Initializing buffer pool, size = 128.0M
130508 14:20:18 InnoDB: Completed initialization of buffer pool
130508 14:20:18 InnoDB: highest supported file format is Barracuda.
InnoDB: The log sequence number in ibdata files does not match
InnoDB: the log sequence number in the ib_logfiles!
130508 14:20:18  InnoDB: Database was not shut down normally!
InnoDB: Starting crash recovery.
InnoDB: Reading tablespace information from the .ibd files...
InnoDB: Restoring possible half-written data pages from the doublewrite
InnoDB: buffer...
130508 14:20:18  InnoDB: Waiting for the background threads to start
130508 14:20:19 InnoDB: 1.1.8 started; log sequence number 1598653
130508 14:20:19 [Note] Event Scheduler: Loaded 0 events
130508 14:20:19 [Note] C:\Users\informatica\Desktop\GitHub\OperatieStudieruil/mysql/bin/mysqld_usbwv8.exe: ready for connections.
Version: '5.5.20'  socket: ''  port: 3307  MySQL Community Server (GPL)
130508 14:39:18 [Note] Plugin 'FEDERATED' is disabled.
130508 14:39:18 InnoDB: The InnoDB memory heap is disabled
130508 14:39:18 InnoDB: Mutexes and rw_locks use Windows interlocked functions
130508 14:39:18 InnoDB: Compressed tables use zlib 1.2.3
130508 14:39:18 InnoDB: Initializing buffer pool, size = 128.0M
130508 14:39:18 InnoDB: Completed initialization of buffer pool
130508 14:39:18 InnoDB: highest supported file format is Barracuda.
InnoDB: The log sequence number in ibdata files does not match
InnoDB: the log sequence number in the ib_logfiles!
130508 14:39:18  InnoDB: Database was not shut down normally!
InnoDB: Starting crash recovery.
InnoDB: Reading tablespace information from the .ibd files...
InnoDB: Restoring possible half-written data pages from the doublewrite
InnoDB: buffer...
130508 14:39:18  InnoDB: Waiting for the background threads to start
130508 14:39:19 InnoDB: 1.1.8 started; log sequence number 1605840
130508 14:39:19 [Note] Event Scheduler: Loaded 0 events
130508 14:39:19 [Note] C:\Users\informatica\Desktop\GitHub\OperatieStudieruil/mysql/bin/mysqld_usbwv8.exe: ready for connections.
Version: '5.5.20'  socket: ''  port: 3307  MySQL Community Server (GPL)
